app/build/intermediates/manifest_merge_blame_file/debug/manifest-merger-blame-debug-report.txt
1<?xml version="1.0" encoding="utf-8"?>
2<manifest xmlns:android="http://schemas.android.com/apk/res/android"
3    package="com.example.weatherlocalapp"
4    android:versionCode="1"
5    android:versionName="1.0" >
6
7    <uses-sdk
8        android:minSdkVersion="26"
9        android:targetSdkVersion="34" />
10
11    <!-- Permissions -->
12    <uses-permission android:name="android.permission.INTERNET" />
12-->src/main/AndroidManifest.xml:6:5-67
12-->src/main/AndroidManifest.xml:6:22-64
13    <uses-permission android:name="android.permission.ACCESS_NETWORK_STATE" />
13-->src/main/AndroidManifest.xml:7:5-79
13-->src/main/AndroidManifest.xml:7:22-76
14    <uses-permission android:name="android.permission.POST_NOTIFICATIONS" />
14-->src/main/AndroidManifest.xml:8:5-77
14-->src/main/AndroidManifest.xml:8:22-74
15    <uses-permission android:name="android.permission.REQUEST_INSTALL_PACKAGES" />
15-->src/main/AndroidManifest.xml:9:5-83
15-->src/main/AndroidManifest.xml:9:22-80
16    <uses-permission
16-->src/main/AndroidManifest.xml:10:5-107
17        android:name="android.permission.READ_EXTERNAL_STORAGE"
17-->src/main/AndroidManifest.xml:10:22-77
18        android:maxSdkVersion="32" />
18-->src/main/AndroidManifest.xml:10:78-104
19    <uses-permission
19-->src/main/AndroidManifest.xml:11:5-108
20        android:name="android.permission.WRITE_EXTERNAL_STORAGE"
20-->src/main/AndroidManifest.xml:11:22-78
21        android:maxSdkVersion="29" />
21-->src/main/AndroidManifest.xml:11:79-105
22
23    <uses-feature
23-->[org.maplibre.gl:android-sdk:10.0.2] AndroidManifest.xml:7:5-9:35
24        android:glEsVersion="0x00020000"
24-->[org.maplibre.gl:android-sdk:10.0.2] AndroidManifest.xml:8:9-41
25        android:required="true" />
25-->[org.maplibre.gl:android-sdk:10.0.2] AndroidManifest.xml:9:9-32
26    <uses-feature
26-->[org.maplibre.gl:android-sdk:10.0.2] AndroidManifest.xml:10:5-12:36
27        android:name="android.hardware.wifi"
27-->[org.maplibre.gl:android-sdk:10.0.2] AndroidManifest.xml:11:9-45
28        android:required="false" />
28-->[org.maplibre.gl:android-sdk:10.0.2] AndroidManifest.xml:12:9-33
29
30    <uses-permission android:name="android.permission.ACCESS_WIFI_STATE" />
30-->[org.maplibre.gl:android-sdk:10.0.2] AndroidManifest.xml:16:5-76
30-->[org.maplibre.gl:android-sdk:10.0.2] AndroidManifest.xml:16:22-73
31    <uses-permission android:name="android.permission.ACCESS_COARSE_LOCATION" />
31-->[org.maplibre.gl:android-sdk:10.0.2] AndroidManifest.xml:17:5-81
31-->[org.maplibre.gl:android-sdk:10.0.2] AndroidManifest.xml:17:22-78
32    <uses-permission android:name="android.permission.ACCESS_FINE_LOCATION" />
32-->[org.maplibre.gl:android-sdk:10.0.2] AndroidManifest.xml:18:5-79
32-->[org.maplibre.gl:android-sdk:10.0.2] AndroidManifest.xml:18:22-76
33
34    <permission
34-->[androidx.core:core:1.12.0] AndroidManifest.xml:22:5-24:47
35        android:name="com.example.weatherlocalapp.DYNAMIC_RECEIVER_NOT_EXPORTED_PERMISSION"
35-->[androidx.core:core:1.12.0] AndroidManifest.xml:23:9-81
36        android:protectionLevel="signature" />
36-->[androidx.core:core:1.12.0] AndroidManifest.xml:24:9-44
37
38    <uses-permission android:name="com.example.weatherlocalapp.DYNAMIC_RECEIVER_NOT_EXPORTED_PERMISSION" />
38-->[androidx.core:core:1.12.0] AndroidManifest.xml:26:5-97
38-->[androidx.core:core:1.12.0] AndroidManifest.xml:26:22-94
39
40    <application
40-->src/main/AndroidManifest.xml:13:5-46:19
41        android:allowBackup="true"
41-->src/main/AndroidManifest.xml:14:9-35
42        android:appComponentFactory="androidx.core.app.CoreComponentFactory"
42-->[androidx.core:core:1.12.0] AndroidManifest.xml:28:18-86
43        android:dataExtractionRules="@xml/data_extraction_rules"
43-->src/main/AndroidManifest.xml:15:9-65
44        android:debuggable="true"
45        android:extractNativeLibs="false"
46        android:fullBackupContent="@xml/backup_rules"
46-->src/main/AndroidManifest.xml:16:9-54
47        android:icon="@mipmap/ic_launcher"
47-->src/main/AndroidManifest.xml:17:9-43
48        android:label="@string/app_name"
48-->src/main/AndroidManifest.xml:18:9-41
49        android:roundIcon="@mipmap/ic_launcher_round"
49-->src/main/AndroidManifest.xml:19:9-54
50        android:supportsRtl="true"
50-->src/main/AndroidManifest.xml:20:9-35
51        android:theme="@style/Theme.WeatherLocalApp"
51-->src/main/AndroidManifest.xml:21:9-53
52        android:usesCleartextTraffic="true" >
52-->src/main/AndroidManifest.xml:22:9-44
53        <activity
53-->src/main/AndroidManifest.xml:25:9-33:20
54            android:name="com.example.weatherlocalapp.MainActivity"
54-->src/main/AndroidManifest.xml:26:13-41
55            android:exported="true"
55-->src/main/AndroidManifest.xml:27:13-36
56            android:theme="@style/Theme.WeatherLocalApp" >
56-->src/main/AndroidManifest.xml:28:13-57
57            <intent-filter>
57-->src/main/AndroidManifest.xml:29:13-32:29
58                <action android:name="android.intent.action.MAIN" />
58-->src/main/AndroidManifest.xml:30:17-69
58-->src/main/AndroidManifest.xml:30:25-66
59
60                <category android:name="android.intent.category.LAUNCHER" />
60-->src/main/AndroidManifest.xml:31:17-77
60-->src/main/AndroidManifest.xml:31:27-74
61            </intent-filter>
62        </activity>
63
64        <!-- FileProvider for APK update sharing and audio files -->
65        <provider
65-->src/main/AndroidManifest.xml:36:9-44:20
66            android:name="androidx.core.content.FileProvider"
66-->src/main/AndroidManifest.xml:37:13-62
67            android:authorities="com.example.weatherlocalapp.fileprovider"
67-->src/main/AndroidManifest.xml:38:13-75
68            android:exported="false"
68-->src/main/AndroidManifest.xml:39:13-37
69            android:grantUriPermissions="true" >
69-->src/main/AndroidManifest.xml:40:13-47
70            <meta-data
70-->src/main/AndroidManifest.xml:41:13-43:54
71                android:name="android.support.FILE_PROVIDER_PATHS"
71-->src/main/AndroidManifest.xml:42:17-67
72                android:resource="@xml/file_paths" />
72-->src/main/AndroidManifest.xml:43:17-51
73        </provider>
74        <provider
74-->[androidx.emoji2:emoji2:1.2.0] AndroidManifest.xml:24:9-32:20
75            android:name="androidx.startup.InitializationProvider"
75-->[androidx.emoji2:emoji2:1.2.0] AndroidManifest.xml:25:13-67
76            android:authorities="com.example.weatherlocalapp.androidx-startup"
76-->[androidx.emoji2:emoji2:1.2.0] AndroidManifest.xml:26:13-68
77            android:exported="false" >
77-->[androidx.emoji2:emoji2:1.2.0] AndroidManifest.xml:27:13-37
78            <meta-data
78-->[androidx.emoji2:emoji2:1.2.0] AndroidManifest.xml:29:13-31:52
79                android:name="androidx.emoji2.text.EmojiCompatInitializer"
79-->[androidx.emoji2:emoji2:1.2.0] AndroidManifest.xml:30:17-75
80                android:value="androidx.startup" />
80-->[androidx.emoji2:emoji2:1.2.0] AndroidManifest.xml:31:17-49
81            <meta-data
81-->[androidx.lifecycle:lifecycle-process:2.6.1] AndroidManifest.xml:29:13-31:52
82                android:name="androidx.lifecycle.ProcessLifecycleInitializer"
82-->[androidx.lifecycle:lifecycle-process:2.6.1] AndroidManifest.xml:30:17-78
83                android:value="androidx.startup" />
83-->[androidx.lifecycle:lifecycle-process:2.6.1] AndroidManifest.xml:31:17-49
84            <meta-data
84-->[androidx.profileinstaller:profileinstaller:1.3.0] AndroidManifest.xml:29:13-31:52
85                android:name="androidx.profileinstaller.ProfileInstallerInitializer"
85-->[androidx.profileinstaller:profileinstaller:1.3.0] AndroidManifest.xml:30:17-85
86                android:value="androidx.startup" />
86-->[androidx.profileinstaller:profileinstaller:1.3.0] AndroidManifest.xml:31:17-49
87        </provider>
88
89        <receiver
89-->[androidx.profileinstaller:profileinstaller:1.3.0] AndroidManifest.xml:34:9-52:20
90            android:name="androidx.profileinstaller.ProfileInstallReceiver"
90-->[androidx.profileinstaller:profileinstaller:1.3.0] AndroidManifest.xml:35:13-76
91            android:directBootAware="false"
91-->[androidx.profileinstaller:profileinstaller:1.3.0] AndroidManifest.xml:36:13-44
92            android:enabled="true"
92-->[androidx.profileinstaller:profileinstaller:1.3.0] AndroidManifest.xml:37:13-35
93            android:exported="true"
93-->[androidx.profileinstaller:profileinstaller:1.3.0] AndroidManifest.xml:38:13-36
94            android:permission="android.permission.DUMP" >
94-->[androidx.profileinstaller:profileinstaller:1.3.0] AndroidManifest.xml:39:13-57
95            <intent-filter>
95-->[androidx.profileinstaller:profileinstaller:1.3.0] AndroidManifest.xml:40:13-42:29
96                <action android:name="androidx.profileinstaller.action.INSTALL_PROFILE" />
96-->[androidx.profileinstaller:profileinstaller:1.3.0] AndroidManifest.xml:41:17-91
96-->[androidx.profileinstaller:profileinstaller:1.3.0] AndroidManifest.xml:41:25-88
97            </intent-filter>
98            <intent-filter>
98-->[androidx.profileinstaller:profileinstaller:1.3.0] AndroidManifest.xml:43:13-45:29
99                <action android:name="androidx.profileinstaller.action.SKIP_FILE" />
99-->[androidx.profileinstaller:profileinstaller:1.3.0] AndroidManifest.xml:44:17-85
99-->[androidx.profileinstaller:profileinstaller:1.3.0] AndroidManifest.xml:44:25-82
100            </intent-filter>
101            <intent-filter>
101-->[androidx.profileinstaller:profileinstaller:1.3.0] AndroidManifest.xml:46:13-48:29
102                <action android:name="androidx.profileinstaller.action.SAVE_PROFILE" />
102-->[androidx.profileinstaller:profileinstaller:1.3.0] AndroidManifest.xml:47:17-88
102-->[androidx.profileinstaller:profileinstaller:1.3.0] AndroidManifest.xml:47:25-85
103            </intent-filter>
104            <intent-filter>
104-->[androidx.profileinstaller:profileinstaller:1.3.0] AndroidManifest.xml:49:13-51:29
105                <action android:name="androidx.profileinstaller.action.BENCHMARK_OPERATION" />
105-->[androidx.profileinstaller:profileinstaller:1.3.0] AndroidManifest.xml:50:17-95
105-->[androidx.profileinstaller:profileinstaller:1.3.0] AndroidManifest.xml:50:25-92
106            </intent-filter>
107        </receiver>
108    </application>
109
110</manifest>